#
# A fatal error has been detected by the Java Runtime Environment:
#
#  EXCEPTION_ACCESS_VIOLATION (0xc0000005) at pc=0x5ae25c40, pid=8792, tid=4320
#
# JRE version: Java(TM) SE Runtime Environment (7.0_45-b18) (build 1.7.0_45-b18)
# Java VM: Java HotSpot(TM) Client VM (24.45-b08 mixed mode windows-x86 )
# Problematic frame:
# V  [jvm.dll+0x35c40]
#
# Failed to write core dump. Minidumps are not enabled by default on client versions of Windows
#
# If you would like to submit a bug report, please visit:
#   http://bugreport.sun.com/bugreport/crash.jsp
#

---------------  T H R E A D  ---------------

Current thread (0x17827c00):  JavaThread "JDWP Transport Listener: dt_socket" daemon [_thread_in_vm, id=4320, stack(0x17b30000,0x17b80000)]

siginfo: ExceptionCode=0xc0000005, reading address 0x00000008

Registers:
EAX=0x0388afa0, EBX=0x17827c00, ECX=0x00000000, EDX=0x00000000
ESP=0x17b7f9c4, EBP=0x17b7f9c8, ESI=0x00000000, EDI=0x725ae15c
EIP=0x5ae25c40, EFLAGS=0x00010246

Top of Stack: (sp=0x17b7f9c4)
0x17b7f9c4:   17827d30 17b7f9f0 5aeb1206 0388afa0
0x17b7f9d4:   725ae15c 17827d30 725ae174 17827c00
0x17b7f9e4:   00000000 17827d30 17b7fab4 725ae99c
0x17b7f9f4:   725963b2 17827d30 0388afa0 00000000
0x17b7fa04:   17b7fa28 17b7fab4 1787c268 17b7fa64
0x17b7fa14:   17822274 17b7fa34 7259bd27 17b7fa34
0x17b7fa24:   17b7fa68 725ae890 724a5004 725b2c68
0x17b7fa34:   1787c4b0 0000000b 00000000 00000013 

Instructions: (pc=0x5ae25c40)
0x5ae25c20:   8b 0d 18 1a 12 5b 85 c9 7e 05 8b 0c 01 eb 02 33
0x5ae25c30:   c9 8b 15 1c 1a 12 5b 85 d2 7e 05 8b 04 02 eb 03
0x5ae25c40:   8b 46 08 85 c0 75 0f 33 c9 50 51 e8 90 67 15 00
0x5ae25c50:   83 c4 08 5e 5d c3 8d 4c 4e 0c 50 51 e8 7f 67 15 


Register to memory mapping:

EAX=
[error occurred during error reporting (printing register info), id 0xc0000005]

Stack: [0x17b30000,0x17b80000],  sp=0x17b7f9c4,  free space=318k
Native frames: (J=compiled Java code, j=interpreted, Vv=VM code, C=native code)
V  [jvm.dll+0x35c40]
V  [jvm.dll+0xc1206]


---------------  P R O C E S S  ---------------

Java Threads: ( => current thread )
  0x17845c00 JavaThread "Service Thread" daemon [_thread_blocked, id=8872, stack(0x18100000,0x18150000)]
  0x1784a800 JavaThread "C1 CompilerThread0" daemon [_thread_blocked, id=5516, stack(0x18240000,0x18290000)]
  0x17832c00 JavaThread "JDWP Command Reader" daemon [_thread_in_native, id=6508, stack(0x181e0000,0x18230000)]
  0x17831c00 JavaThread "JDWP Event Helper Thread" daemon [_thread_blocked, id=7756, stack(0x18080000,0x180d0000)]
=>0x17827c00 JavaThread "JDWP Transport Listener: dt_socket" daemon [_thread_in_vm, id=4320, stack(0x17b30000,0x17b80000)]
  0x17820400 JavaThread "Attach Listener" daemon [_thread_blocked, id=8032, stack(0x17cf0000,0x17d40000)]
  0x1781d800 JavaThread "Signal Dispatcher" daemon [_thread_blocked, id=7800, stack(0x17c60000,0x17cb0000)]
  0x177e8800 JavaThread "Finalizer" daemon [_thread_blocked, id=296, stack(0x17a30000,0x17a80000)]
  0x177e1800 JavaThread "Reference Handler" daemon [_thread_blocked, id=4428, stack(0x179e0000,0x17a30000)]
  0x0118c400 JavaThread "main" [_thread_blocked, id=1168, stack(0x01780000,0x017d0000)]

Other Threads:
  0x177dfc00 VMThread [stack: 0x17ac0000,0x17b10000] [id=3588]
  0x17846000 WatcherThread [stack: 0x17d80000,0x17dd0000] [id=4664]

VM state:not at safepoint (normal execution)

VM Mutex/Monitor currently owned by a thread: None

Heap
 def new generation   total 4928K, used 796K [0x037d0000, 0x03d20000, 0x08d20000)
  eden space 4416K,  18% used [0x037d0000, 0x03897370, 0x03c20000)
  from space 512K,   0% used [0x03c20000, 0x03c20000, 0x03ca0000)
  to   space 512K,   0% used [0x03ca0000, 0x03ca0000, 0x03d20000)
 tenured generation   total 10944K, used 0K [0x08d20000, 0x097d0000, 0x137d0000)
   the space 10944K,   0% used [0x08d20000, 0x08d20000, 0x08d20200, 0x097d0000)
 compacting perm gen  total 12288K, used 1680K [0x137d0000, 0x143d0000, 0x177d0000)
   the space 12288K,  13% used [0x137d0000, 0x13974298, 0x13974400, 0x143d0000)
No shared spaces configured.

Card table byte_map: [0x01190000,0x01240000] byte_map_base: 0x01174180

Polling page: 0x00160000

Code Cache  [0x017d0000, 0x01868000, 0x037d0000)
 total_blobs=132 nmethods=9 adapters=69 free_code_cache=32184Kb largest_free_block=32956992

Compilation events (10 events):
Event: 1.087 Thread 0x1784a800    5             java.lang.String::equals (81 bytes)
Event: 1.088 Thread 0x1784a800 nmethod 5 0x018609c8 code [0x01860ae0, 0x01860c80]
Event: 1.140 Thread 0x1784a800    6             java.lang.String::length (6 bytes)
Event: 1.140 Thread 0x1784a800 nmethod 6 0x01860ec8 code [0x01860fc0, 0x01861050]
Event: 1.142 Thread 0x1784a800    7             java.lang.String::lastIndexOf (52 bytes)
Event: 1.142 Thread 0x1784a800 nmethod 7 0x01861208 code [0x01861310, 0x0186142c]
Event: 1.142 Thread 0x1784a800    8             java.lang.String::indexOf (166 bytes)
Event: 1.143 Thread 0x1784a800 nmethod 8 0x01861508 code [0x01861620, 0x01861850]
Event: 16.651 Thread 0x1784a800    9             java.lang.AbstractStringBuilder::ensureCapacityInternal (16 bytes)
Event: 16.651 Thread 0x1784a800 nmethod 9 0x01861b88 code [0x01861c90, 0x01861d4c]

GC Heap History (0 events):
No events

Deoptimization events (0 events):
No events

Internal exceptions (4 events):
Event: 0.226 Thread 0x0118c400 Threw 0x037dfc50 at C:\re\jdk7u45\229\hotspot\src\share\vm\prims\jni.cpp:3991
Event: 1.068 Thread 0x0118c400 Threw 0x03864d10 at C:\re\jdk7u45\229\hotspot\src\share\vm\prims\jvm.cpp:1244
Event: 1.139 Thread 0x0118c400 Threw 0x03882728 at C:\re\jdk7u45\229\hotspot\src\share\vm\prims\jvm.cpp:1244
Event: 1.142 Thread 0x0118c400 Threw 0x038871a8 at C:\re\jdk7u45\229\hotspot\src\share\vm\prims\jvm.cpp:1244

Events (10 events):
Event: 311.954 Executing VM operation: GetCurrentLocation
Event: 311.954 Executing VM operation: GetCurrentLocation done
Event: 311.954 Executing VM operation: ChangeSingleStep
Event: 311.954 Executing VM operation: ChangeSingleStep done
Event: 311.956 Executing VM operation: ChangeSingleStep
Event: 311.956 Executing VM operation: ChangeSingleStep done
Event: 311.995 Executing VM operation: GetOrSetLocal
Event: 311.995 Executing VM operation: GetOrSetLocal done
Event: 311.998 Executing VM operation: GetOrSetLocal
Event: 311.998 Executing VM operation: GetOrSetLocal done


Dynamic libraries:
0x01240000 - 0x0126f000 	C:\Program Files\Java\jdk1.7.0_45\bin\javaw.exe
0x77a60000 - 0x77b9c000 	C:\Windows\SYSTEM32\ntdll.dll
0x76290000 - 0x76364000 	C:\Windows\system32\kernel32.dll
0x75a70000 - 0x75abb000 	C:\Windows\system32\KERNELBASE.dll
0x76110000 - 0x761b0000 	C:\Windows\system32\ADVAPI32.dll
0x76000000 - 0x760ac000 	C:\Windows\system32\msvcrt.dll
0x760f0000 - 0x76109000 	C:\Windows\SYSTEM32\sechost.dll
0x77290000 - 0x77332000 	C:\Windows\system32\RPCRT4.dll
0x77650000 - 0x77719000 	C:\Windows\system32\USER32.dll
0x75d70000 - 0x75dbe000 	C:\Windows\system32\GDI32.dll
0x77bc0000 - 0x77bca000 	C:\Windows\system32\LPK.dll
0x75dc0000 - 0x75e5d000 	C:\Windows\system32\USP10.dll
0x742b0000 - 0x7444e000 	C:\Windows\WinSxS\x86_microsoft.windows.common-controls_6595b64144ccf1df_6.0.7601.17514_none_41e6975e2bd6f2b2\COMCTL32.dll
0x761b0000 - 0x76207000 	C:\Windows\system32\SHLWAPI.dll
0x77c50000 - 0x77c6f000 	C:\Windows\system32\IMM32.DLL
0x77580000 - 0x7764c000 	C:\Windows\system32\MSCTF.dll
0x759b0000 - 0x759e2000 	C:\Windows\system32\nvinit.dll
0x5b200000 - 0x5b2bf000 	C:\Program Files\Java\jdk1.7.0_45\jre\bin\msvcr100.dll
0x5adf0000 - 0x5b170000 	C:\Program Files\Java\jdk1.7.0_45\jre\bin\client\jvm.dll
0x74630000 - 0x74637000 	C:\Windows\system32\WSOCK32.dll
0x760b0000 - 0x760e5000 	C:\Windows\system32\WS2_32.dll
0x77c70000 - 0x77c76000 	C:\Windows\system32\NSI.dll
0x72c50000 - 0x72c82000 	C:\Windows\system32\WINMM.dll
0x77c80000 - 0x77c85000 	C:\Windows\system32\PSAPI.DLL
0x74710000 - 0x7471c000 	C:\Program Files\Java\jdk1.7.0_45\jre\bin\verify.dll
0x71610000 - 0x71630000 	C:\Program Files\Java\jdk1.7.0_45\jre\bin\java.dll
0x72590000 - 0x725ba000 	C:\Program Files\Java\jdk1.7.0_45\jre\bin\jdwp.dll
0x72580000 - 0x72587000 	C:\Program Files\Java\jdk1.7.0_45\jre\bin\npt.dll
0x737c0000 - 0x737d3000 	C:\Program Files\Java\jdk1.7.0_45\jre\bin\zip.dll
0x724a0000 - 0x724a8000 	C:\Program Files\Java\jdk1.7.0_45\jre\bin\dt_socket.dll
0x73800000 - 0x73810000 	C:\Windows\system32\NLAapi.dll
0x72690000 - 0x726a0000 	C:\Windows\system32\napinsp.dll
0x71de0000 - 0x71df2000 	C:\Windows\system32\pnrpnsp.dll
0x753f0000 - 0x7542c000 	C:\Windows\System32\mswsock.dll
0x752b0000 - 0x752f4000 	C:\Windows\system32\DNSAPI.dll
0x71dd0000 - 0x71dd8000 	C:\Windows\System32\winrnr.dll
0x73660000 - 0x7367c000 	C:\Windows\system32\IPHLPAPI.DLL
0x734b0000 - 0x734b7000 	C:\Windows\system32\WINNSI.DLL
0x73470000 - 0x734a8000 	C:\Windows\System32\fwpuclnt.dll
0x6e540000 - 0x6e546000 	C:\Windows\system32\rasadhlp.dll
0x74f40000 - 0x74f45000 	C:\Windows\System32\wshtcpip.dll
0x74a20000 - 0x74b0b000 	C:\Windows\system32\dbghelp.dll

VM Arguments:
jvm_args: -agentlib:jdwp=transport=dt_socket,suspend=y,address=localhost:51994 -Dfile.encoding=GBK 
java_command: scanner.scanner01
Launcher Type: SUN_STANDARD

Environment Variables:
JAVA_HOME=C:\Program Files\Java\jdk1.7.0_45
PATH=C:\Program Files\Java\jdk1.7.0_45\jre\bin;C:/Program Files/Java/jdk1.7.0_45/bin/../jre/bin/client;C:/Program Files/Java/jdk1.7.0_45/bin/../jre/bin;C:/Program Files/Java/jdk1.7.0_45/bin/../jre/lib/i386;C:\Program Files\Java\jdk1.7.0_45\bin;C:\Windows\system32;C:\Windows;C:\Windows\System32\Wbem;C:\Windows\System32\WindowsPowerShell\v1.0\;D:\eclipse;
USERNAME=lenovo
OS=Windows_NT
PROCESSOR_IDENTIFIER=x86 Family 6 Model 42 Stepping 7, GenuineIntel



---------------  S Y S T E M  ---------------

OS: Windows 7 Build 7601 Service Pack 1

CPU:total 4 (2 cores per cpu, 2 threads per core) family 6 model 42 stepping 7, cmov, cx8, fxsr, mmx, sse, sse2, sse3, ssse3, sse4.1, sse4.2, popcnt, avx, aes, ht, tsc, tscinvbit

Memory: 4k page, physical 3187192k(998196k free), swap 6372632k(3919280k free)

vm_info: Java HotSpot(TM) Client VM (24.45-b08) for windows-x86 JRE (1.7.0_45-b18), built on Oct  8 2013 06:02:43 by "java_re" with unknown MS VC++:1600

time: Thu Nov 13 16:06:34 2014
elapsed time: 312 seconds

